<?xml version="1.0" encoding="UTF-8"?>
<!-- Generated by org.testng.reporters.JUnitReportReporter -->
<testsuite hostname="SUNANDA" failures="0" tests="1" name="ReqauestChaining.PostAndPutProjectTest" time="2.630" errors="0" timestamp="2022-09-05T17:27:11 IST" skipped="0">
  <testcase classname="ReqauestChaining.PostAndPutProjectTest" name="Postandput" time="2.630"/>
  <system-out/>
</testsuite> <!-- ReqauestChaining.PostAndPutProjectTest -->
