<?xml version="1.0" encoding="UTF-8"?>
<!-- Generated by org.testng.reporters.JUnitReportReporter -->
<testsuite hostname="SUNANDA" failures="0" tests="1" name="ReqauestChaining.PostAndDeleteProjectTest" time="2.708" errors="0" timestamp="2022-09-05T17:04:00 IST" skipped="0">
  <testcase classname="ReqauestChaining.PostAndDeleteProjectTest" name="Postanddelete" time="2.708"/>
  <system-out/>
</testsuite> <!-- ReqauestChaining.PostAndDeleteProjectTest -->
