<?xml version="1.0" encoding="UTF-8"?>
<!-- Generated by org.testng.reporters.JUnitReportReporter -->
<testsuite hostname="SUNANDA" failures="0" tests="3" name="Practice.DataproviderTest" time="0.010" errors="0" timestamp="2022-09-04T15:06:07 IST" skipped="0">
  <testcase classname="Practice.DataproviderTest" name="BookingTicket" time="0.007"/>
  <system-out/>
  <testcase classname="Practice.DataproviderTest" name="BookingTicket" time="0.001"/>
  <system-out/>
  <testcase classname="Practice.DataproviderTest" name="BookingTicket" time="0.002"/>
  <system-out/>
</testsuite> <!-- Practice.DataproviderTest -->
