<?xml version="1.0" encoding="UTF-8"?>
<!-- Generated by org.testng.reporters.JUnitReportReporter -->
<testsuite hostname="SUNANDA" failures="0" tests="1" name="CrudOperationWithBddApproach.ReadSingleProject" time="1.470" errors="0" timestamp="2022-09-02T15:36:01 IST" skipped="0">
  <testcase classname="CrudOperationWithBddApproach.ReadSingleProject" name="Singleproject" time="1.470"/>
  <system-out/>
</testsuite> <!-- CrudOperationWithBddApproach.ReadSingleProject -->
