<?xml version="1.0" encoding="UTF-8"?>
<!-- Generated by org.testng.reporters.JUnitReportReporter -->
<testsuite hostname="SUNANDA" failures="0" tests="1" name="CrudOperationWithBddApproach.DeleteProjectTest" time="1.656" errors="0" timestamp="2022-09-02T15:49:43 IST" skipped="0">
  <testcase classname="CrudOperationWithBddApproach.DeleteProjectTest" name="Delete" time="1.656"/>
  <system-out/>
</testsuite> <!-- CrudOperationWithBddApproach.DeleteProjectTest -->
