<?xml version="1.0" encoding="UTF-8"?>
<!-- Generated by org.testng.reporters.JUnitReportReporter -->
<testsuite hostname="SUNANDA" failures="0" tests="1" name="CrudOperationWithBddApproach.UpdateProjectTest" time="3.583" errors="0" timestamp="2022-09-02T15:48:01 IST" skipped="0">
  <testcase classname="CrudOperationWithBddApproach.UpdateProjectTest" name="Updateproject" time="3.583"/>
  <system-out/>
</testsuite> <!-- CrudOperationWithBddApproach.UpdateProjectTest -->
