<?xml version="1.0" encoding="UTF-8"?>
<!-- Generated by org.testng.reporters.JUnitReportReporter -->
<testsuite hostname="SUNANDA" failures="0" tests="1" name="CrudOperationWithBddApproach.ReadProjectTest" time="1.765" errors="0" timestamp="2022-09-02T15:30:07 IST" skipped="0">
  <testcase classname="CrudOperationWithBddApproach.ReadProjectTest" name="Readproject" time="1.765"/>
  <system-out/>
</testsuite> <!-- CrudOperationWithBddApproach.ReadProjectTest -->
