<?xml version="1.0" encoding="UTF-8"?>
<!-- Generated by org.testng.reporters.JUnitReportReporter -->
<testsuite hostname="SUNANDA" failures="0" tests="1" name="Authentication.BasiAuthDigestTest" time="1.571" errors="0" timestamp="2022-09-06T12:36:40 IST" skipped="0">
  <testcase classname="Authentication.BasiAuthDigestTest" name="Basicauth" time="1.571"/>
  <system-out/>
</testsuite> <!-- Authentication.BasiAuthDigestTest -->
