<?xml version="1.0" encoding="UTF-8"?>
<!-- Generated by org.testng.reporters.JUnitReportReporter -->
<testsuite hostname="SUNANDA" failures="0" tests="1" name="ReqresAssignment.AddProjectTest" time="8.813" errors="0" timestamp="2022-09-05T11:00:31 IST" skipped="0">
  <testcase classname="ReqresAssignment.AddProjectTest" name="Addproject" time="8.813"/>
  <system-out/>
</testsuite> <!-- ReqresAssignment.AddProjectTest -->
