<?xml version="1.0" encoding="UTF-8"?>
<!-- Generated by org.testng.reporters.JUnitReportReporter -->
<testsuite hostname="SUNANDA" failures="0" tests="1" name="Authentication.BasicAuthPremitiveTest" time="1.506" errors="0" timestamp="2022-09-06T12:33:51 IST" skipped="0">
  <testcase classname="Authentication.BasicAuthPremitiveTest" name="BasicAuth" time="1.506"/>
  <system-out/>
</testsuite> <!-- Authentication.BasicAuthPremitiveTest -->
