<?xml version="1.0" encoding="UTF-8"?>
<!-- Generated by org.testng.reporters.JUnitReportReporter -->
<testsuite hostname="SUNANDA" failures="0" tests="1" name="Authentication.oauthAuthnew" time="3.826" errors="0" timestamp="2022-09-06T15:57:24 IST" skipped="0">
  <testcase classname="Authentication.oauthAuthnew" name="newOauthggg" time="3.826"/>
  <system-out/>
</testsuite> <!-- Authentication.oauthAuthnew -->
