<?xml version="1.0" encoding="UTF-8"?>
<!-- Generated by org.testng.reporters.JUnitReportReporter -->
<testsuite hostname="SUNANDA" failures="0" tests="1" name="Authentication.Oauth2Test" time="3.978" errors="0" timestamp="2022-09-06T15:41:43 IST" skipped="0">
  <testcase classname="Authentication.Oauth2Test" name="Oauth2" time="3.978"/>
  <system-out/>
</testsuite> <!-- Authentication.Oauth2Test -->
