<?xml version="1.0" encoding="UTF-8"?>
<!-- Generated by org.testng.reporters.JUnitReportReporter -->
<testsuite hostname="SUNANDA" failures="0" tests="1" name="CrudOperationWithoutBdd.UpdateProjectTest" time="1.882" errors="0" timestamp="2022-09-01T22:51:18 IST" skipped="0">
  <testcase classname="CrudOperationWithoutBdd.UpdateProjectTest" name="Update" time="1.882"/>
  <system-out/>
</testsuite> <!-- CrudOperationWithoutBdd.UpdateProjectTest -->
