<?xml version="1.0" encoding="UTF-8"?>
<!-- Generated by org.testng.reporters.JUnitReportReporter -->
<testsuite hostname="SUNANDA" failures="0" tests="1" name="ValidationCheck.TimeValidationTest" time="1.410" errors="0" timestamp="2022-09-05T15:15:59 IST" skipped="0">
  <testcase classname="ValidationCheck.TimeValidationTest" name="Timevalidation" time="1.410"/>
  <system-out/>
</testsuite> <!-- ValidationCheck.TimeValidationTest -->
