<?xml version="1.0" encoding="UTF-8"?>
<!-- Generated by org.testng.reporters.JUnitReportReporter -->
<testsuite hostname="SUNANDA" failures="0" tests="1" name="ValidationCheck.StaticValidationTest" time="2.088" errors="0" timestamp="2022-09-05T12:54:57 IST" skipped="0">
  <testcase classname="ValidationCheck.StaticValidationTest" name="Staticresponse" time="2.088"/>
  <system-out/>
</testsuite> <!-- ValidationCheck.StaticValidationTest -->
