<?xml version="1.0" encoding="UTF-8"?>
<!-- Generated by org.testng.reporters.JUnitReportReporter -->
<testsuite hostname="SUNANDA" failures="0" tests="1" name="ReqresAssignment.DeleteProjectTest" time="3.835" errors="0" timestamp="2022-09-05T11:33:52 IST" skipped="0">
  <testcase classname="ReqresAssignment.DeleteProjectTest" name="Delete" time="3.835"/>
  <system-out/>
</testsuite> <!-- ReqresAssignment.DeleteProjectTest -->
