<?xml version="1.0" encoding="UTF-8"?>
<!-- Generated by org.testng.reporters.JUnitReportReporter -->
<testsuite hostname="SUNANDA" failures="0" tests="1" name="CrudOperationWithoutBdd.AddProjectTest" time="3.934" errors="0" timestamp="2022-09-01T16:57:26 IST" skipped="0">
  <testcase classname="CrudOperationWithoutBdd.AddProjectTest" name="Create" time="3.934"/>
  <system-out/>
</testsuite> <!-- CrudOperationWithoutBdd.AddProjectTest -->
