<?xml version="1.0" encoding="UTF-8"?>
<!-- Generated by org.testng.reporters.JUnitReportReporter -->
<testsuite hostname="SUNANDA" failures="0" tests="1" name="ReqresAssignment.ReadProjectTest" time="5.542" errors="0" timestamp="2022-09-05T11:07:24 IST" skipped="0">
  <testcase classname="ReqresAssignment.ReadProjectTest" name="Read" time="5.542"/>
  <system-out/>
</testsuite> <!-- ReqresAssignment.ReadProjectTest -->
