<?xml version="1.0" encoding="UTF-8"?>
<!-- Generated by org.testng.reporters.JUnitReportReporter -->
<testsuite hostname="SUNANDA" failures="0" tests="1" name="CrudOperationWithoutBdd.DeleteTest" time="1.425" errors="0" timestamp="2022-09-01T17:34:27 IST" skipped="0">
  <testcase classname="CrudOperationWithoutBdd.DeleteTest" name="Delete" time="1.425"/>
  <system-out/>
</testsuite> <!-- CrudOperationWithoutBdd.DeleteTest -->
