<?xml version="1.0" encoding="UTF-8"?>
<!-- Generated by org.testng.reporters.JUnitReportReporter -->
<testsuite hostname="SUNANDA" failures="0" tests="1" name="DifferentWaysToPost.AddProjectSerialization" time="2.779" errors="0" timestamp="2022-09-02T17:16:01 IST" skipped="0">
  <testcase classname="DifferentWaysToPost.AddProjectSerialization" name="Addproject" time="2.779"/>
  <system-out/>
</testsuite> <!-- DifferentWaysToPost.AddProjectSerialization -->
