<?xml version="1.0" encoding="UTF-8"?>
<!-- Generated by org.testng.reporters.JUnitReportReporter -->
<testsuite hostname="SUNANDA" failures="0" tests="1" name="CrudOperationWithoutBdd.ReadProject" time="1.413" errors="0" timestamp="2022-09-01T17:25:15 IST" skipped="0">
  <testcase classname="CrudOperationWithoutBdd.ReadProject" name="Read" time="1.413"/>
  <system-out/>
</testsuite> <!-- CrudOperationWithoutBdd.ReadProject -->
