<?xml version="1.0" encoding="UTF-8"?>
<!-- Generated by org.testng.reporters.JUnitReportReporter -->
<testsuite hostname="SUNANDA" failures="0" tests="1" name="ReqresAssignment.UpdateProject" time="4.766" errors="0" timestamp="2022-09-05T11:13:42 IST" skipped="0">
  <testcase classname="ReqresAssignment.UpdateProject" name="Update" time="4.766"/>
  <system-out/>
</testsuite> <!-- ReqresAssignment.UpdateProject -->
