<?xml version="1.0" encoding="UTF-8"?>
<!-- Generated by org.testng.reporters.JUnitReportReporter -->
<testsuite hostname="SUNANDA" failures="0" tests="1" name="PathParameter.GetSingleProjectTest" time="2.280" errors="0" timestamp="2022-09-06T11:56:05 IST" skipped="0">
  <testcase classname="PathParameter.GetSingleProjectTest" name="Getsingleproject" time="2.280"/>
  <system-out/>
</testsuite> <!-- PathParameter.GetSingleProjectTest -->
