<?xml version="1.0" encoding="UTF-8"?>
<!-- Generated by org.testng.reporters.JUnitReportReporter -->
<testsuite hostname="SUNANDA" failures="0" tests="1" name="UsingGenericUtility.AddProjectTest" time="2.476" errors="0" timestamp="2022-09-07T13:06:14 IST" skipped="0">
  <testcase classname="UsingGenericUtility.AddProjectTest" name="Addproject" time="2.476"/>
  <system-out/>
</testsuite> <!-- UsingGenericUtility.AddProjectTest -->
