<?xml version="1.0" encoding="UTF-8"?>
<!-- Generated by org.testng.reporters.JUnitReportReporter -->
<testsuite hostname="SUNANDA" failures="0" tests="1" name="CrudOperationWithoutBdd.ReadProjectTest" time="1.852" errors="0" timestamp="2022-09-05T16:09:31 IST" skipped="0">
  <testcase classname="CrudOperationWithoutBdd.ReadProjectTest" name="Read" time="1.852"/>
  <system-out/>
</testsuite> <!-- CrudOperationWithoutBdd.ReadProjectTest -->
