<?xml version="1.0" encoding="UTF-8"?>
<!-- Generated by org.testng.reporters.JUnitReportReporter -->
<testsuite hostname="SUNANDA" failures="0" tests="1" name="Parameters.QueryStringTest" time="2.692" errors="0" timestamp="2022-09-06T12:12:25 IST" skipped="0">
  <testcase classname="Parameters.QueryStringTest" name="Querysting" time="2.692"/>
  <system-out/>
</testsuite> <!-- Parameters.QueryStringTest -->
