<?xml version="1.0" encoding="UTF-8"?>
<!-- Generated by org.testng.reporters.JUnitReportReporter -->
<testsuite hostname="SUNANDA" failures="0" tests="1" name="ReqauestChaining.GetAndDeleteProjectTest" time="2.384" errors="0" timestamp="2022-09-05T17:45:24 IST" skipped="0">
  <testcase classname="ReqauestChaining.GetAndDeleteProjectTest" name="Getanddelete" time="2.384"/>
  <system-out/>
</testsuite> <!-- ReqauestChaining.GetAndDeleteProjectTest -->
