<?xml version="1.0" encoding="UTF-8"?>
<!-- Generated by org.testng.reporters.JUnitReportReporter -->
<testsuite hostname="SUNANDA" failures="0" tests="1" name="CrudOperationWithoutBdd.ReadSingleProject" time="1.695" errors="0" timestamp="2022-09-01T23:04:08 IST" skipped="0">
  <testcase classname="CrudOperationWithoutBdd.ReadSingleProject" name="SngleProject" time="1.695"/>
  <system-out/>
</testsuite> <!-- CrudOperationWithoutBdd.ReadSingleProject -->
