<?xml version="1.0" encoding="UTF-8"?>
<!-- Generated by org.testng.reporters.JUnitReportReporter -->
<testsuite hostname="SUNANDA" failures="0" tests="1" name="ReqresAssignment.ReadAllProjectsTest" time="3.704" errors="0" timestamp="2022-09-05T11:17:57 IST" skipped="0">
  <testcase classname="ReqresAssignment.ReadAllProjectsTest" name="Readall" time="3.704"/>
  <system-out/>
</testsuite> <!-- ReqresAssignment.ReadAllProjectsTest -->
