<?xml version="1.0" encoding="UTF-8"?>
<!-- Generated by org.testng.reporters.JUnitReportReporter -->
<testsuite hostname="SUNANDA" failures="0" tests="1" name="DifferentWaysToPost.HashmapTest" time="3.943" errors="0" timestamp="2022-09-03T10:41:50 IST" skipped="0">
  <testcase classname="DifferentWaysToPost.HashmapTest" name="Hashmap" time="3.943"/>
  <system-out/>
</testsuite> <!-- DifferentWaysToPost.HashmapTest -->
