<?xml version="1.0" encoding="UTF-8"?>
<!-- Generated by org.testng.reporters.JUnitReportReporter -->
<testsuite hostname="SUNANDA" failures="0" tests="1" name="DifferentWaysToPost.JsonFileTest" time="1.452" errors="0" timestamp="2022-09-03T10:46:58 IST" skipped="0">
  <testcase classname="DifferentWaysToPost.JsonFileTest" name="Jsonfile" time="1.452"/>
  <system-out/>
</testsuite> <!-- DifferentWaysToPost.JsonFileTest -->
