<?xml version="1.0" encoding="UTF-8"?>
<!-- Generated by org.testng.reporters.JUnitReportReporter -->
<testsuite hostname="SUNANDA" failures="0" tests="1" name="ReqauestChaining.PostAndGetProjectTest" time="4.189" errors="0" timestamp="2022-09-05T16:19:05 IST" skipped="0">
  <testcase classname="ReqauestChaining.PostAndGetProjectTest" name="Postandget" time="4.189"/>
  <system-out/>
</testsuite> <!-- ReqauestChaining.PostAndGetProjectTest -->
