<?xml version="1.0" encoding="UTF-8"?>
<!-- Generated by org.testng.reporters.JUnitReportReporter -->
<testsuite hostname="SUNANDA" failures="0" tests="1" name="EndToEndTesting.EndToEndTest" time="6.156" errors="0" timestamp="2022-09-06T01:32:05 IST" skipped="0">
  <testcase classname="EndToEndTesting.EndToEndTest" name="Endtoend" time="6.156"/>
  <system-out/>
</testsuite> <!-- EndToEndTesting.EndToEndTest -->
