<?xml version="1.0" encoding="UTF-8"?>
<!-- Generated by org.testng.reporters.JUnitReportReporter -->
<testsuite hostname="SUNANDA" failures="0" tests="1" name="ValidationCheck.BodyValidationTest" time="2.421" errors="0" timestamp="2022-09-05T15:49:58 IST" skipped="0">
  <testcase classname="ValidationCheck.BodyValidationTest" name="Bodyvalidation" time="2.421"/>
  <system-out/>
</testsuite> <!-- ValidationCheck.BodyValidationTest -->
