<?xml version="1.0" encoding="UTF-8"?>
<!-- Generated by org.testng.reporters.JUnitReportReporter -->
<testsuite hostname="SUNANDA" failures="0" tests="1" name="Authentication.BearerTokenTest" time="4.499" errors="0" timestamp="2022-09-06T13:28:08 IST" skipped="0">
  <testcase classname="Authentication.BearerTokenTest" name="Brearertoken" time="4.499"/>
  <system-out/>
</testsuite> <!-- Authentication.BearerTokenTest -->
