<?xml version="1.0" encoding="UTF-8"?>
<!-- Generated by org.testng.reporters.JUnitReportReporter -->
<testsuite hostname="SUNANDA" failures="0" tests="1" name="Authentication.BasicAuthTest" time="1.628" errors="0" timestamp="2022-09-06T12:22:03 IST" skipped="0">
  <testcase classname="Authentication.BasicAuthTest" name="Basicauth" time="1.628"/>
  <system-out/>
</testsuite> <!-- Authentication.BasicAuthTest -->
