<?xml version="1.0" encoding="UTF-8"?>
<!-- Generated by org.testng.reporters.JUnitReportReporter -->
<testsuite hostname="SUNANDA" failures="0" tests="1" name="ValidationCheck.DynamicValidationTest" time="1.774" errors="0" timestamp="2022-09-05T13:19:52 IST" skipped="0">
  <testcase classname="ValidationCheck.DynamicValidationTest" name="Dynamicvalidation" time="1.774"/>
  <system-out/>
</testsuite> <!-- ValidationCheck.DynamicValidationTest -->
