<?xml version="1.0" encoding="UTF-8"?>
<!-- Generated by org.testng.reporters.JUnitReportReporter -->
<testsuite hostname="SUNANDA" failures="0" tests="4" name="DataDrivenTesting.AddProjectSingleDataProviderTest" time="1.975" errors="0" timestamp="2022-09-03T12:56:35 IST" skipped="0">
  <testcase classname="DataDrivenTesting.AddProjectSingleDataProviderTest" name="Create" time="0.032"/>
  <system-out/>
  <testcase classname="DataDrivenTesting.AddProjectSingleDataProviderTest" name="Create" time="0.034"/>
  <system-out/>
  <testcase classname="DataDrivenTesting.AddProjectSingleDataProviderTest" name="Create" time="1.881"/>
  <system-out/>
  <testcase classname="DataDrivenTesting.AddProjectSingleDataProviderTest" name="Create" time="0.028"/>
  <system-out/>
</testsuite> <!-- DataDrivenTesting.AddProjectSingleDataProviderTest -->
